<?xml version="1.0" encoding="UTF-8"?>
<testsuite name="powerpackage.PowerFinderTest" tests="4" skipped="0" failures="0" errors="0" timestamp="2023-12-16T09:21:01" hostname="LAPTOP-H04CCQOB" time="0.036">
  <properties/>
  <testcase name="power_of_2_and_3_Is_SIX()" classname="powerpackage.PowerFinderTest" time="0.024"/>
  <testcase name="two_power_2_is_4()" classname="powerpackage.PowerFinderTest" time="0.002"/>
  <testcase name="one_raised_to_one_is_onew()" classname="powerpackage.PowerFinderTest" time="0.002"/>
  <testcase name="twoRaised_to_one_is_2()" classname="powerpackage.PowerFinderTest" time="0.002"/>
  <system-out><![CDATA[]]></system-out>
  <system-err><![CDATA[]]></system-err>
</testsuite>
